0 info it worked if it ends with ok
1 verbose cli [ '/usr/local/bin/node', '/usr/local/bin/npm', 'run', 'dev' ]
2 info using npm@3.10.10
3 info using node@v6.12.3
4 verbose run-script [ 'predev', 'dev', 'postdev' ]
5 info lifecycle gitmall-fe@1.0.0~predev: gitmall-fe@1.0.0
6 silly lifecycle gitmall-fe@1.0.0~predev: no script for predev, continuing
7 info lifecycle gitmall-fe@1.0.0~dev: gitmall-fe@1.0.0
8 verbose lifecycle gitmall-fe@1.0.0~dev: unsafe-perm in lifecycle true
9 verbose lifecycle gitmall-fe@1.0.0~dev: PATH: /usr/local/lib/node_modules/npm/bin/node-gyp-bin:/Users/troykevin/Desktop/Workspace/gitmall/gitmall-fe/node_modules/.bin:/Library/Frameworks/Python.framework/Versions/3.7/bin:/usr/local/bin:/usr/bin:/bin:/usr/sbin:/sbin:/Library/Frameworks/Mono.framework/Versions/Current/Commands:/usr/local/mysql/bin:/usr/local/mysql/bin
10 verbose lifecycle gitmall-fe@1.0.0~dev: CWD: /Users/troykevin/Desktop/Workspace/gitmall/gitmall-fe
11 silly lifecycle gitmall-fe@1.0.0~dev: Args: [ '-c',
11 silly lifecycle   'WEBPACK_ENV=dev webpack-dev-server --inline --port 8088' ]
12 silly lifecycle gitmall-fe@1.0.0~dev: Returned: code: 1  signal: null
13 info lifecycle gitmall-fe@1.0.0~dev: Failed to exec dev script
14 verbose stack Error: gitmall-fe@1.0.0 dev: `WEBPACK_ENV=dev webpack-dev-server --inline --port 8088`
14 verbose stack Exit status 1
14 verbose stack     at EventEmitter.<anonymous> (/usr/local/lib/node_modules/npm/lib/utils/lifecycle.js:255:16)
14 verbose stack     at emitTwo (events.js:106:13)
14 verbose stack     at EventEmitter.emit (events.js:191:7)
14 verbose stack     at ChildProcess.<anonymous> (/usr/local/lib/node_modules/npm/lib/utils/spawn.js:40:14)
14 verbose stack     at emitTwo (events.js:106:13)
14 verbose stack     at ChildProcess.emit (events.js:191:7)
14 verbose stack     at maybeClose (internal/child_process.js:920:16)
14 verbose stack     at Process.ChildProcess._handle.onexit (internal/child_process.js:230:5)
15 verbose pkgid gitmall-fe@1.0.0
16 verbose cwd /Users/troykevin/Desktop/Workspace/gitmall/gitmall-fe
17 error Darwin 18.0.0
18 error argv "/usr/local/bin/node" "/usr/local/bin/npm" "run" "dev"
19 error node v6.12.3
20 error npm  v3.10.10
21 error code ELIFECYCLE
22 error gitmall-fe@1.0.0 dev: `WEBPACK_ENV=dev webpack-dev-server --inline --port 8088`
22 error Exit status 1
23 error Failed at the gitmall-fe@1.0.0 dev script 'WEBPACK_ENV=dev webpack-dev-server --inline --port 8088'.
23 error Make sure you have the latest version of node.js and npm installed.
23 error If you do, this is most likely a problem with the gitmall-fe package,
23 error not with npm itself.
23 error Tell the author that this fails on your system:
23 error     WEBPACK_ENV=dev webpack-dev-server --inline --port 8088
23 error You can get information on how to open an issue for this project with:
23 error     npm bugs gitmall-fe
23 error Or if that isn't available, you can get their info via:
23 error     npm owner ls gitmall-fe
23 error There is likely additional logging output above.
24 verbose exit [ 1, true ]
